# JRE version: OpenJDK Runtime Environment (8.0_76-b03) (build 1.8.0_76-release-b03)
# Java VM: OpenJDK 64-Bit Server VM (25.76-b03 mixed mode linux-amd64 compressed oops)
Heap:
 PSYoungGen      total 435200K, used 0K [0x00000000e0000000, 0x0000000100000000, 0x0000000100000000)
  eden space 346112K, 0% used [0x00000000e0000000,0x00000000e0000000,0x00000000f5200000)
  from space 89088K, 0% used [0x00000000f5200000,0x00000000f5200000,0x00000000fa900000)
  to   space 88064K, 0% used [0x00000000faa00000,0x00000000faa00000,0x0000000100000000)
 ParOldGen       total 225280K, used 211704K [0x00000000a0000000, 0x00000000adc00000, 0x00000000e0000000)
  object space 225280K, 93% used [0x00000000a0000000,0x00000000acebe290,0x00000000adc00000)
 Metaspace       used 69387K, capacity 71362K, committed 71424K, reserved 1112064K
  class space    used 8759K, capacity 9216K, committed 9216K, reserved 1048576K
GC Heap History (10 events):
Event: 109.352 GC heap after
Heap after GC invocations=22 (full 4):
 PSYoungGen      total 460288K, used 40426K [0x00000000e0000000, 0x0000000100000000, 0x0000000100000000)
  eden space 419840K, 0% used [0x00000000e0000000,0x00000000e0000000,0x00000000f9a00000)
  from space 40448K, 99% used [0x00000000fd880000,0x00000000ffffaaa8,0x0000000100000000)
  to   space 52224K, 0% used [0x00000000f9a00000,0x00000000f9a00000,0x00000000fcd00000)
 ParOldGen       total 132608K, used 120464K [0x00000000a0000000, 0x00000000a8180000, 0x00000000e0000000)
  object space 132608K, 90% used [0x00000000a0000000,0x00000000a75a4228,0x00000000a8180000)
 Metaspace       used 69371K, capacity 71298K, committed 71424K, reserved 1112064K
  class space    used 8758K, capacity 9216K, committed 9216K, reserved 1048576K
}
Event: 109.352 GC heap before
{Heap before GC invocations=23 (full 5):
 PSYoungGen      total 460288K, used 40426K [0x00000000e0000000, 0x0000000100000000, 0x0000000100000000)
  eden space 419840K, 0% used [0x00000000e0000000,0x00000000e0000000,0x00000000f9a00000)
  from space 40448K, 99% used [0x00000000fd880000,0x00000000ffffaaa8,0x0000000100000000)
  to   space 52224K, 0% used [0x00000000f9a00000,0x00000000f9a00000,0x00000000fcd00000)
 ParOldGen       total 132608K, used 120464K [0x00000000a0000000, 0x00000000a8180000, 0x00000000e0000000)
  object space 132608K, 90% used [0x00000000a0000000,0x00000000a75a4228,0x00000000a8180000)
 Metaspace       used 69371K, capacity 71298K, committed 71424K, reserved 1112064K
  class space    used 8758K, capacity 9216K, committed 9216K, reserved 1048576K
Event: 109.814 GC heap after
Heap after GC invocations=23 (full 5):
 PSYoungGen      total 460288K, used 0K [0x00000000e0000000, 0x0000000100000000, 0x0000000100000000)
  eden space 419840K, 0% used [0x00000000e0000000,0x00000000e0000000,0x00000000f9a00000)
  from space 40448K, 0% used [0x00000000fd880000,0x00000000fd880000,0x0000000100000000)
  to   space 52224K, 0% used [0x00000000f9a00000,0x00000000f9a00000,0x00000000fcd00000)
 ParOldGen       total 225280K, used 112892K [0x00000000a0000000, 0x00000000adc00000, 0x00000000e0000000)
  object space 225280K, 50% used [0x00000000a0000000,0x00000000a6e3f078,0x00000000adc00000)
 Metaspace       used 69371K, capacity 71298K, committed 71424K, reserved 1112064K
  class space    used 8758K, capacity 9216K, committed 9216K, reserved 1048576K
}
Event: 110.216 GC heap before
{Heap before GC invocations=24 (full 5):
 PSYoungGen      total 460288K, used 419840K [0x00000000e0000000, 0x0000000100000000, 0x0000000100000000)
  eden space 419840K, 100% used [0x00000000e0000000,0x00000000f9a00000,0x00000000f9a00000)
  from space 40448K, 0% used [0x00000000fd880000,0x00000000fd880000,0x0000000100000000)
  to   space 52224K, 0% used [0x00000000f9a00000,0x00000000f9a00000,0x00000000fcd00000)
 ParOldGen       total 225280K, used 112892K [0x00000000a0000000, 0x00000000adc00000, 0x00000000e0000000)
  object space 225280K, 50% used [0x00000000a0000000,0x00000000a6e3f078,0x00000000adc00000)
 Metaspace       used 69378K, capacity 71298K, committed 71424K, reserved 1112064K
  class space    used 8759K, capacity 9216K, committed 9216K, reserved 1048576K
Event: 110.260 GC heap after
Heap after GC invocations=24 (full 5):
 PSYoungGen      total 472064K, used 52217K [0x00000000e0000000, 0x0000000100000000, 0x0000000100000000)
  eden space 419840K, 0% used [0x00000000e0000000,0x00000000e0000000,0x00000000f9a00000)
  from space 52224K, 99% used [0x00000000f9a00000,0x00000000fccfe520,0x00000000fcd00000)
  to   space 52224K, 0% used [0x00000000fcd00000,0x00000000fcd00000,0x0000000100000000)
 ParOldGen       total 225280K, used 117401K [0x00000000a0000000, 0x00000000adc00000, 0x00000000e0000000)
  object space 225280K, 52% used [0x00000000a0000000,0x00000000a72a67b8,0x00000000adc00000)
 Metaspace       used 69378K, capacity 71298K, committed 71424K, reserved 1112064K
  class space    used 8759K, capacity 9216K, committed 9216K, reserved 1048576K
}
Event: 110.684 GC heap before
{Heap before GC invocations=25 (full 5):
 PSYoungGen      total 472064K, used 472057K [0x00000000e0000000, 0x0000000100000000, 0x0000000100000000)
  eden space 419840K, 100% used [0x00000000e0000000,0x00000000f9a00000,0x00000000f9a00000)
  from space 52224K, 99% used [0x00000000f9a00000,0x00000000fccfe520,0x00000000fcd00000)
  to   space 52224K, 0% used [0x00000000fcd00000,0x00000000fcd00000,0x0000000100000000)
 ParOldGen       total 225280K, used 117401K [0x00000000a0000000, 0x00000000adc00000, 0x00000000e0000000)
  object space 225280K, 52% used [0x00000000a0000000,0x00000000a72a67b8,0x00000000adc00000)
 Metaspace       used 69383K, capacity 71298K, committed 71424K, reserved 1112064K
  class space    used 8759K, capacity 9216K, committed 9216K, reserved 1048576K
Event: 110.791 GC heap after
Heap after GC invocations=25 (full 5):
 PSYoungGen      total 398336K, used 52220K [0x00000000e0000000, 0x0000000100000000, 0x0000000100000000)
  eden space 346112K, 0% used [0x00000000e0000000,0x00000000e0000000,0x00000000f5200000)
  from space 52224K, 99% used [0x00000000fcd00000,0x00000000fffff340,0x0000000100000000)
  to   space 89088K, 0% used [0x00000000f5200000,0x00000000f5200000,0x00000000fa900000)
 ParOldGen       total 225280K, used 171497K [0x00000000a0000000, 0x00000000adc00000, 0x00000000e0000000)
  object space 225280K, 76% used [0x00000000a0000000,0x00000000aa77a430,0x00000000adc00000)
 Metaspace       used 69383K, capacity 71298K, committed 71424K, reserved 1112064K
  class space    used 8759K, capacity 9216K, committed 9216K, reserved 1048576K
}
Event: 112.573 GC heap before
{Heap before GC invocations=26 (full 5):
 PSYoungGen      total 398336K, used 398332K [0x00000000e0000000, 0x0000000100000000, 0x0000000100000000)
  eden space 346112K, 100% used [0x00000000e0000000,0x00000000f5200000,0x00000000f5200000)
  from space 52224K, 99% used [0x00000000fcd00000,0x00000000fffff340,0x0000000100000000)
  to   space 89088K, 0% used [0x00000000f5200000,0x00000000f5200000,0x00000000fa900000)
 ParOldGen       total 225280K, used 171497K [0x00000000a0000000, 0x00000000adc00000, 0x00000000e0000000)
  object space 225280K, 76% used [0x00000000a0000000,0x00000000aa77a430,0x00000000adc00000)
 Metaspace       used 69387K, capacity 71362K, committed 71424K, reserved 1112064K
  class space    used 8759K, capacity 9216K, committed 9216K, reserved 1048576K
Event: 265.843 GC heap after
Heap after GC invocations=26 (full 5):
 PSYoungGen      total 435200K, used 44056K [0x00000000e0000000, 0x0000000100000000, 0x0000000100000000)
  eden space 346112K, 0% used [0x00000000e0000000,0x00000000e0000000,0x00000000f5200000)
  from space 89088K, 49% used [0x00000000f5200000,0x00000000f7d06060,0x00000000fa900000)
  to   space 88064K, 0% used [0x00000000faa00000,0x00000000faa00000,0x0000000100000000)
 ParOldGen       total 225280K, used 211814K [0x00000000a0000000, 0x00000000adc00000, 0x00000000e0000000)
  object space 225280K, 94% used [0x00000000a0000000,0x00000000aced9820,0x00000000adc00000)
 Metaspace       used 69387K, capacity 71362K, committed 71424K, reserved 1112064K
  class space    used 8759K, capacity 9216K, committed 9216K, reserved 1048576K
}
Event: 269.989 GC heap before
{Heap before GC invocations=27 (full 6):
 PSYoungGen      total 435200K, used 44056K [0x00000000e0000000, 0x0000000100000000, 0x0000000100000000)
  eden space 346112K, 0% used [0x00000000e0000000,0x00000000e0000000,0x00000000f5200000)
  from space 89088K, 49% used [0x00000000f5200000,0x00000000f7d06060,0x00000000fa900000)
  to   space 88064K, 0% used [0x00000000faa00000,0x00000000faa00000,0x0000000100000000)
 ParOldGen       total 225280K, used 211814K [0x00000000a0000000, 0x00000000adc00000, 0x00000000e0000000)
  object space 225280K, 94% used [0x00000000a0000000,0x00000000aced9820,0x00000000adc00000)
 Metaspace       used 69387K, capacity 71362K, committed 71424K, reserved 1112064K
  class space    used 8759K, capacity 9216K, committed 9216K, reserved 1048576K

